npm verbose cli C:\Program Files\nodejs\node.exe C:\Users\valer\AppData\Roaming\npm\node_modules\npm\bin\npm-cli.js
npm info using npm@10.8.2
npm info using node@v20.12.0
npm verbose title npm install
npm verbose argv "install" "--legacy-peer-deps" "--loglevel" "verbose"
npm verbose logfile logs-max:10 dir:C:\Users\valer\AppData\Local\npm-cache\_logs\2024-08-12T02_24_18_862Z-
npm verbose logfile C:\Users\valer\AppData\Local\npm-cache\_logs\2024-08-12T02_24_18_862Z-debug-0.log
npm http fetch GET 200 https://registry.npmjs.org/@faker-js%2ffaker 1569ms (cache revalidated)
npm http fetch GET 200 https://registry.npmjs.org/cypress-mochawesome-reporter 620ms (cache revalidated)
npm http fetch GET 200 https://registry.npmjs.org/browserstack-cypress-cli 609ms (cache revalidated)
npm http fetch GET 200 https://registry.npmjs.org/cypress 61ms (cache revalidated)
npm http fetch GET 200 https://registry.npmjs.org/archiver 112ms (cache revalidated)
npm http fetch GET 200 https://registry.npmjs.org/chalk 45ms (cache revalidated)
npm http fetch GET 200 https://registry.npmjs.org/cli-progress 43ms (cache revalidated)
npm http fetch GET 200 https://registry.npmjs.org/fs-extra 79ms (cache revalidated)
npm http fetch GET 200 https://registry.npmjs.org/async 637ms (cache revalidated)
npm http fetch GET 200 https://registry.npmjs.org/browserstack-local 727ms (cache revalidated)
npm http fetch GET 200 https://registry.npmjs.org/getmac 671ms (cache revalidated)
npm http fetch GET 200 https://registry.npmjs.org/git-last-commit 630ms (cache revalidated)
npm http fetch GET 200 https://registry.npmjs.org/glob 58ms (cache revalidated)
npm http fetch GET 200 https://registry.npmjs.org/git-repo-info 628ms (cache revalidated)
npm http fetch GET 200 https://registry.npmjs.org/mocha 55ms (cache revalidated)
npm http fetch GET 200 https://registry.npmjs.org/mkdirp 79ms (cache revalidated)
npm http fetch GET 200 https://registry.npmjs.org/node-ipc 44ms (cache revalidated)
npm http fetch GET 200 https://registry.npmjs.org/request 58ms (cache revalidated)
npm http fetch GET 200 https://registry.npmjs.org/requestretry 62ms (cache revalidated)
npm http fetch GET 200 https://registry.npmjs.org/table 51ms (cache revalidated)
npm http fetch GET 200 https://registry.npmjs.org/gitconfiglocal 609ms (cache revalidated)
npm http fetch GET 200 https://registry.npmjs.org/update-notifier 44ms (cache revalidated)
npm http fetch GET 200 https://registry.npmjs.org/uuid 57ms (cache revalidated)
npm http fetch GET 200 https://registry.npmjs.org/windows-release 46ms (cache revalidated)
npm http fetch GET 200 https://registry.npmjs.org/winston 46ms (cache revalidated)
npm http fetch GET 200 https://registry.npmjs.org/yargs 42ms (cache revalidated)
npm http fetch GET 200 https://registry.npmjs.org/decompress 50ms (cache revalidated)
npm http fetch GET 200 https://registry.npmjs.org/tmp 49ms (cache revalidated)
npm http fetch GET 200 https://registry.npmjs.org/arch 52ms (cache revalidated)
npm http fetch GET 200 https://registry.npmjs.org/dayjs 51ms (cache revalidated)
npm http fetch GET 200 https://registry.npmjs.org/debug 57ms (cache revalidated)
npm http fetch GET 200 https://registry.npmjs.org/execa 53ms (cache revalidated)
npm http fetch GET 200 https://registry.npmjs.org/getos 49ms (cache revalidated)
npm http fetch GET 200 https://registry.npmjs.org/is-ci 57ms (cache revalidated)
npm http fetch GET 200 https://registry.npmjs.org/yauzl 42ms (cache revalidated)
npm http fetch GET 200 https://registry.npmjs.org/buffer 39ms (cache revalidated)
npm http fetch GET 200 https://registry.npmjs.org/listr2 49ms (cache revalidated)
npm http fetch GET 200 https://registry.npmjs.org/lodash 46ms (cache revalidated)
npm http fetch GET 200 https://registry.npmjs.org/figures 44ms (cache revalidated)
npm http fetch GET 200 https://registry.npmjs.org/semver 56ms (cache revalidated)
npm http fetch GET 200 https://registry.npmjs.org/process 44ms (cache revalidated)
npm http fetch GET 200 https://registry.npmjs.org/bluebird 47ms (cache revalidated)
npm http fetch GET 200 https://registry.npmjs.org/cachedir 50ms (cache revalidated)
npm http fetch GET 200 https://registry.npmjs.org/enquirer 44ms (cache revalidated)
npm http fetch GET 200 https://registry.npmjs.org/minimist 68ms (cache revalidated)
npm http fetch GET 200 https://registry.npmjs.org/blob-util 40ms (cache revalidated)
npm http fetch GET 200 https://registry.npmjs.org/commander 41ms (cache revalidated)
npm http fetch GET 200 https://registry.npmjs.org/untildify 53ms (cache revalidated)
npm http fetch GET 200 https://registry.npmjs.org/cli-cursor 42ms (cache revalidated)
npm http fetch GET 200 https://registry.npmjs.org/ospath 681ms (cache revalidated)
npm http fetch GET 200 https://registry.npmjs.org/executable 50ms (cache revalidated)
npm http fetch GET 200 https://registry.npmjs.org/common-tags 49ms (cache revalidated)
npm http fetch GET 200 https://registry.npmjs.org/extract-zip 42ms (cache revalidated)
npm http fetch GET 200 https://registry.npmjs.org/log-symbols 42ms (cache revalidated)
npm http fetch GET 200 https://registry.npmjs.org/lazy-ass 726ms (cache revalidated)
npm http fetch GET 200 https://registry.npmjs.org/pretty-bytes 45ms (cache revalidated)
npm http fetch GET 200 https://registry.npmjs.org/@types%2fsizzle 64ms (cache revalidated)
npm http fetch GET 200 https://registry.npmjs.org/eventemitter2 39ms (cache revalidated)
npm http fetch GET 200 https://registry.npmjs.org/proxy-from-env 44ms (cache revalidated)
npm http fetch GET 200 https://registry.npmjs.org/supports-color 45ms (cache revalidated)
npm http fetch GET 200 https://registry.npmjs.org/cli-table3 692ms (cache revalidated)
npm http fetch GET 200 https://registry.npmjs.org/@cypress%2frequest 70ms (cache revalidated)
npm http fetch GET 200 https://registry.npmjs.org/check-more-types 73ms (cache revalidated)
npm http fetch GET 200 https://registry.npmjs.org/is-installed-globally 110ms (cache revalidated)
npm http fetch GET 200 https://registry.npmjs.org/request-progress 683ms (cache revalidated)
npm http fetch GET 200 https://registry.npmjs.org/mochawesome 42ms (cache revalidated)
npm http fetch GET 200 https://registry.npmjs.org/@cypress%2fxvfb 1542ms (cache revalidated)
npm http fetch GET 200 https://registry.npmjs.org/mochawesome-report-generator 46ms (cache revalidated)
npm http fetch GET 200 https://registry.npmjs.org/mochawesome-merge 639ms (cache revalidated)
npm http fetch GET 200 https://registry.npmjs.org/@types%2fsinonjs__fake-timers 1282ms (cache revalidated)
npm http fetch GET 200 https://registry.npmjs.org/buffer-crc32 46ms (cache revalidated)
npm http fetch GET 200 https://registry.npmjs.org/readable-stream 68ms (cache revalidated)
npm http fetch GET 200 https://registry.npmjs.org/readdir-glob 45ms (cache revalidated)
npm http fetch GET 200 https://registry.npmjs.org/zip-stream 40ms (cache revalidated)
npm http fetch GET 200 https://registry.npmjs.org/https-proxy-agent 42ms (cache revalidated)
npm http fetch GET 200 https://registry.npmjs.org/archiver-utils 677ms (cache revalidated)
npm http fetch GET 200 https://registry.npmjs.org/tar-stream 627ms (cache revalidated)
npm http fetch GET 200 https://registry.npmjs.org/ps-tree 58ms (cache revalidated)
npm http fetch GET 200 https://registry.npmjs.org/is-running 621ms (cache revalidated)
npm http fetch GET 200 https://registry.npmjs.org/agent-base 77ms (cache revalidated)
npm http fetch GET 200 https://registry.npmjs.org/ansi-styles 51ms (cache revalidated)
npm http fetch GET 200 https://registry.npmjs.org/string-width 66ms (cache revalidated)
npm http fetch GET 200 https://registry.npmjs.org/decompress-tar 40ms (cache revalidated)
npm http fetch GET 200 https://registry.npmjs.org/decompress-tarbz2 48ms (cache revalidated)
npm http fetch GET 200 https://registry.npmjs.org/decompress-targz 43ms (cache revalidated)
npm http fetch GET 200 https://registry.npmjs.org/decompress-unzip 47ms (cache revalidated)
npm http fetch GET 200 https://registry.npmjs.org/graceful-fs 45ms (cache revalidated)
npm http fetch GET 200 https://registry.npmjs.org/make-dir 50ms (cache revalidated)
npm http fetch GET 200 https://registry.npmjs.org/pify 50ms (cache revalidated)
npm http fetch GET 200 https://registry.npmjs.org/strip-dirs 78ms (cache revalidated)
npm http fetch GET 200 https://registry.npmjs.org/jsonfile 133ms (cache revalidated)
npm http fetch GET 200 https://registry.npmjs.org/@types%2fnode 82ms (cache revalidated)
npm http fetch GET 200 https://registry.npmjs.org/temp-fs 711ms (cache revalidated)
npm http fetch GET 200 https://registry.npmjs.org/once 44ms (cache revalidated)
npm http fetch GET 200 https://registry.npmjs.org/ini 55ms (cache revalidated)
npm http fetch GET 200 https://registry.npmjs.org/inflight 43ms (cache revalidated)
npm http fetch GET 200 https://registry.npmjs.org/inherits 48ms (cache revalidated)
npm http fetch GET 200 https://registry.npmjs.org/minimatch 41ms (cache revalidated)
npm http fetch GET 200 https://registry.npmjs.org/fs.realpath 48ms (cache revalidated)
npm http fetch GET 200 https://registry.npmjs.org/path-is-absolute 48ms (cache revalidated)
npm http fetch GET 200 https://registry.npmjs.org/ansi-colors 42ms (cache revalidated)
npm http fetch GET 200 https://registry.npmjs.org/browser-stdout 54ms (cache revalidated)
npm http fetch GET 200 https://registry.npmjs.org/chokidar 57ms (cache revalidated)
npm http fetch GET 200 https://registry.npmjs.org/diff 48ms (cache revalidated)
npm http fetch GET 200 https://registry.npmjs.org/escape-string-regexp 40ms (cache revalidated)
npm http fetch GET 200 https://registry.npmjs.org/universalify 637ms (cache revalidated)
npm http fetch GET 200 https://registry.npmjs.org/find-up 50ms (cache revalidated)
npm http fetch GET 200 https://registry.npmjs.org/he 58ms (cache revalidated)
npm http fetch GET 200 https://registry.npmjs.org/ms 45ms (cache revalidated)
npm http fetch GET 200 https://registry.npmjs.org/js-yaml 54ms (cache revalidated)
npm http fetch GET 200 https://registry.npmjs.org/serialize-javascript 49ms (cache revalidated)
npm http fetch GET 200 https://registry.npmjs.org/yargs 8ms (cache hit)
npm http fetch GET 200 https://registry.npmjs.org/workerpool 44ms (cache revalidated)
npm http fetch GET 200 https://registry.npmjs.org/strip-json-comments 58ms (cache revalidated)
npm http fetch GET 200 https://registry.npmjs.org/yargs-parser 43ms (cache revalidated)
npm http fetch GET 200 https://registry.npmjs.org/yargs-unparser 49ms (cache revalidated)
npm http fetch GET 200 https://registry.npmjs.org/js-message 42ms (cache revalidated)
npm http fetch GET 200 https://registry.npmjs.org/event-pubsub 73ms (cache revalidated)
npm http fetch GET 200 https://registry.npmjs.org/js-queue 43ms (cache revalidated)
npm http fetch GET 200 https://registry.npmjs.org/aws-sign2 42ms (cache revalidated)
npm http fetch GET 200 https://registry.npmjs.org/caseless 50ms (cache revalidated)
npm http fetch GET 200 https://registry.npmjs.org/combined-stream 44ms (cache revalidated)
npm http fetch GET 200 https://registry.npmjs.org/extend 43ms (cache revalidated)
npm http fetch GET 200 https://registry.npmjs.org/form-data 50ms (cache revalidated)
npm http fetch GET 200 https://registry.npmjs.org/har-validator 41ms (cache revalidated)
npm http fetch GET 200 https://registry.npmjs.org/http-signature 38ms (cache revalidated)
npm http fetch GET 200 https://registry.npmjs.org/aws4 639ms (cache revalidated)
npm http fetch GET 200 https://registry.npmjs.org/isstream 44ms (cache revalidated)
npm http fetch GET 200 https://registry.npmjs.org/forever-agent 633ms (cache revalidated)
npm http fetch GET 200 https://registry.npmjs.org/json-stringify-safe 44ms (cache revalidated)
npm http fetch GET 200 https://registry.npmjs.org/mime-types 43ms (cache revalidated)
npm http fetch GET 200 https://registry.npmjs.org/oauth-sign 51ms (cache revalidated)
npm http fetch GET 200 https://registry.npmjs.org/performance-now 45ms (cache revalidated)
npm http fetch GET 200 https://registry.npmjs.org/qs 42ms (cache revalidated)
npm http fetch GET 200 https://registry.npmjs.org/safe-buffer 37ms (cache revalidated)
npm http fetch GET 200 https://registry.npmjs.org/tough-cookie 43ms (cache revalidated)
npm http fetch GET 200 https://registry.npmjs.org/tunnel-agent 37ms (cache revalidated)
npm http fetch GET 200 https://registry.npmjs.org/ajv 44ms (cache revalidated)
npm http fetch GET 200 https://registry.npmjs.org/is-typedarray 694ms (cache revalidated)
npm http fetch GET 200 https://registry.npmjs.org/slice-ansi 55ms (cache revalidated)
npm http fetch GET 200 https://registry.npmjs.org/is-npm 47ms (cache revalidated)
npm http fetch GET 200 https://registry.npmjs.org/boxen 54ms (cache revalidated)
npm http fetch GET 200 https://registry.npmjs.org/pupa 84ms (cache revalidated)
npm http fetch GET 200 https://registry.npmjs.org/configstore 41ms (cache revalidated)
npm http fetch GET 200 https://registry.npmjs.org/import-lazy 45ms (cache revalidated)
npm http fetch GET 200 https://registry.npmjs.org/semver-diff 40ms (cache revalidated)
npm http fetch GET 200 https://registry.npmjs.org/xdg-basedir 38ms (cache revalidated)
npm http fetch GET 200 https://registry.npmjs.org/eyes 47ms (cache revalidated)
npm http fetch GET 200 https://registry.npmjs.org/cycle 51ms (cache revalidated)
npm http fetch GET 200 https://registry.npmjs.org/colors 51ms (cache revalidated)
npm http fetch GET 200 https://registry.npmjs.org/is-in-ci 622ms (cache revalidated)
npm http fetch GET 200 https://registry.npmjs.org/y18n 44ms (cache revalidated)
npm http fetch GET 200 https://registry.npmjs.org/cliui 41ms (cache revalidated)
npm http fetch GET 200 https://registry.npmjs.org/latest-version 627ms (cache revalidated)
npm http fetch GET 200 https://registry.npmjs.org/decamelize 47ms (cache revalidated)
npm http fetch GET 200 https://registry.npmjs.org/set-blocking 46ms (cache revalidated)
npm http fetch GET 200 https://registry.npmjs.org/which-module 47ms (cache revalidated)
npm http fetch GET 200 https://registry.npmjs.org/get-caller-file 48ms (cache revalidated)
npm http fetch GET 200 https://registry.npmjs.org/require-main-filename 39ms (cache revalidated)
npm http fetch GET 200 https://registry.npmjs.org/require-directory 55ms (cache revalidated)
npm http fetch GET 200 https://registry.npmjs.org/stack-trace 647ms (cache revalidated)
npm http fetch GET 200 https://registry.npmjs.org/lazystream 41ms (cache revalidated)
npm http fetch GET 200 https://registry.npmjs.org/lodash.flatten 45ms (cache revalidated)
npm http fetch GET 200 https://registry.npmjs.org/lodash.difference 97ms (cache revalidated)
npm http fetch GET 200 https://registry.npmjs.org/lodash.isplainobject 57ms (cache revalidated)
npm http fetch GET 200 https://registry.npmjs.org/lodash.union 71ms (cache revalidated)
npm http fetch GET 200 https://registry.npmjs.org/normalize-path 42ms (cache revalidated)
npm http fetch GET 200 https://registry.npmjs.org/util-deprecate 41ms (cache revalidated)
npm http fetch GET 200 https://registry.npmjs.org/string_decoder 80ms (cache revalidated)
npm http fetch GET 200 https://registry.npmjs.org/bl 64ms (cache revalidated)
npm http fetch GET 200 https://registry.npmjs.org/end-of-stream 51ms (cache revalidated)
npm http fetch GET 200 https://registry.npmjs.org/fs-constants 53ms (cache revalidated)
npm http fetch GET 200 https://registry.npmjs.org/compress-commons 63ms (cache revalidated)
npm http fetch GET 200 https://registry.npmjs.org/lodash.defaults 697ms (cache revalidated)
npm http fetch GET 200 https://registry.npmjs.org/isarray 42ms (cache revalidated)
npm http fetch GET 200 https://registry.npmjs.org/process-nextick-args 46ms (cache revalidated)
npm http fetch GET 200 https://registry.npmjs.org/core-util-is 70ms (cache revalidated)
npm http fetch GET 200 https://registry.npmjs.org/event-stream 56ms (cache revalidated)
npm http fetch GET 200 https://registry.npmjs.org/rimraf 58ms (cache revalidated)
npm http fetch GET 200 https://registry.npmjs.org/color-convert 41ms (cache revalidated)
npm http fetch GET 200 https://registry.npmjs.org/has-flag 47ms (cache revalidated)
npm http fetch GET 200 https://registry.npmjs.org/color-name 43ms (cache revalidated)
npm http fetch GET 200 https://registry.npmjs.org/emoji-regex 40ms (cache revalidated)
npm http fetch GET 200 https://registry.npmjs.org/is-fullwidth-code-point 46ms (cache revalidated)
npm http fetch GET 200 https://registry.npmjs.org/strip-ansi 66ms (cache revalidated)
npm http fetch GET 200 https://registry.npmjs.org/base64-js 41ms (cache revalidated)
npm http fetch GET 200 https://registry.npmjs.org/lodash.once 51ms (cache revalidated)
npm http fetch GET 200 https://registry.npmjs.org/ieee754 56ms (cache revalidated)
npm http fetch GET 200 https://registry.npmjs.org/restore-cursor 43ms (cache revalidated)
npm http fetch GET 200 https://registry.npmjs.org/onetime 45ms (cache revalidated)
npm http fetch GET 200 https://registry.npmjs.org/is-stream 43ms (cache revalidated)
npm http fetch GET 200 https://registry.npmjs.org/@colors%2fcolors 89ms (cache revalidated)
npm http fetch GET 200 https://registry.npmjs.org/get-stream 39ms (cache revalidated)
npm http fetch GET 200 https://registry.npmjs.org/cross-spawn 45ms (cache revalidated)
npm http fetch GET 200 https://registry.npmjs.org/merge-stream 42ms (cache revalidated)
npm http fetch GET 200 https://registry.npmjs.org/signal-exit 51ms (cache revalidated)
npm http fetch GET 200 https://registry.npmjs.org/npm-run-path 46ms (cache revalidated)
npm http fetch GET 200 https://registry.npmjs.org/human-signals 44ms (cache revalidated)
npm http fetch GET 200 https://registry.npmjs.org/strip-final-newline 55ms (cache revalidated)
npm http fetch GET 200 https://registry.npmjs.org/at-least-node 44ms (cache revalidated)
npm http fetch GET 200 https://registry.npmjs.org/@types%2fyauzl 55ms (cache revalidated)
npm http fetch GET 200 https://registry.npmjs.org/ci-info 43ms (cache revalidated)
npm http fetch GET 200 https://registry.npmjs.org/global-dirs 47ms (cache revalidated)
npm http fetch GET 200 https://registry.npmjs.org/is-path-inside 51ms (cache revalidated)
npm http fetch GET 200 https://registry.npmjs.org/rfdc 51ms (cache revalidated)
npm http fetch GET 200 https://registry.npmjs.org/rxjs 55ms (cache revalidated)
npm http fetch GET 200 https://registry.npmjs.org/p-map 63ms (cache revalidated)
npm http fetch GET 200 https://registry.npmjs.org/through 56ms (cache revalidated)
npm http fetch GET 200 https://registry.npmjs.org/wrap-ansi 42ms (cache revalidated)
npm http fetch GET 200 https://registry.npmjs.org/colorette 62ms (cache revalidated)
npm http fetch GET 200 https://registry.npmjs.org/log-update 57ms (cache revalidated)
npm http fetch GET 200 https://registry.npmjs.org/cli-truncate 39ms (cache revalidated)
npm http fetch GET 200 https://registry.npmjs.org/is-unicode-supported 48ms (cache revalidated)
npm http fetch GET 200 https://registry.npmjs.org/throttleit 61ms (cache revalidated)
npm http fetch GET 200 https://registry.npmjs.org/fd-slicer 46ms (cache revalidated)
npm http fetch GET 200 https://registry.npmjs.org/delayed-stream 46ms (cache revalidated)
npm http fetch GET 200 https://registry.npmjs.org/asynckit 48ms (cache revalidated)
npm http fetch GET 200 https://registry.npmjs.org/assert-plus 50ms (cache revalidated)
npm http fetch GET 200 https://registry.npmjs.org/jsprim 46ms (cache revalidated)
npm http fetch GET 200 https://registry.npmjs.org/mime-db 46ms (cache revalidated)
npm http fetch GET 200 https://registry.npmjs.org/side-channel 47ms (cache revalidated)
npm http fetch GET 200 https://registry.npmjs.org/psl 44ms (cache revalidated)
npm http fetch GET 200 https://registry.npmjs.org/punycode 48ms (cache revalidated)
npm http fetch GET 200 https://registry.npmjs.org/url-parse 50ms (cache revalidated)
npm http fetch GET 200 https://registry.npmjs.org/sshpk 679ms (cache revalidated)
npm http fetch GET 200 https://registry.npmjs.org/lodash.isempty 44ms (cache revalidated)
npm http fetch GET 200 https://registry.npmjs.org/lodash.isobject 51ms (cache revalidated)
npm http fetch GET 200 https://registry.npmjs.org/yargs 8ms (cache hit)
npm http fetch GET 200 https://registry.npmjs.org/lodash.isfunction 81ms (cache revalidated)
npm http fetch GET 200 https://registry.npmjs.org/lodash.isstring 44ms (cache revalidated)
npm http fetch GET 200 https://registry.npmjs.org/escape-html 47ms (cache revalidated)
npm http fetch GET 200 https://registry.npmjs.org/dateformat 61ms (cache revalidated)
npm http fetch GET 200 https://registry.npmjs.org/opener 46ms (cache revalidated)
npm http fetch GET 200 https://registry.npmjs.org/prop-types 44ms (cache revalidated)
npm http fetch GET 200 https://registry.npmjs.org/tcomb-validation 45ms (cache revalidated)
npm http fetch GET 200 https://registry.npmjs.org/validator 43ms (cache revalidated)
npm http fetch GET 200 https://registry.npmjs.org/yargs 11ms (cache hit)
npm http fetch GET 200 https://registry.npmjs.org/fsu 645ms (cache revalidated)
npm http fetch GET 200 https://registry.npmjs.org/tcomb 663ms (cache revalidated)
npm http fetch GET 200 https://registry.npmjs.org/file-type 72ms (cache revalidated)
npm http fetch GET 200 https://registry.npmjs.org/seek-bzip 82ms (cache revalidated)
npm http fetch GET 200 https://registry.npmjs.org/file-type 91ms (cache revalidated)
npm http fetch GET 200 https://registry.npmjs.org/unbzip2-stream 64ms (cache revalidated)
npm http fetch GET 200 https://registry.npmjs.org/is-natural-number 57ms (cache revalidated)
npm http fetch GET 200 https://registry.npmjs.org/xtend 44ms (cache revalidated)
npm http fetch GET 200 https://registry.npmjs.org/to-buffer 52ms (cache revalidated)
npm http fetch GET 200 https://registry.npmjs.org/buffer-alloc 60ms (cache revalidated)
npm http fetch GET 200 https://registry.npmjs.org/pinkie-promise 40ms (cache revalidated)
npm http fetch GET 200 https://registry.npmjs.org/object-assign 48ms (cache revalidated)
npm http fetch GET 200 https://registry.npmjs.org/ansi-regex 44ms (cache revalidated)
npm http fetch GET 200 https://registry.npmjs.org/path-key 41ms (cache revalidated)
npm http fetch GET 200 https://registry.npmjs.org/which 48ms (cache revalidated)
npm http fetch GET 200 https://registry.npmjs.org/shebang-command 61ms (cache revalidated)
npm http fetch GET 200 https://registry.npmjs.org/pump 40ms (cache revalidated)
npm http fetch GET 200 https://registry.npmjs.org/mimic-fn 38ms (cache revalidated)
npm http fetch GET 200 https://registry.npmjs.org/shebang-regex 44ms (cache revalidated)
npm http fetch GET 200 https://registry.npmjs.org/isexe 46ms (cache revalidated)
npm http fetch GET 200 https://registry.npmjs.org/@types%2fnode 28ms (cache hit)
npm http fetch GET 200 https://registry.npmjs.org/undici-types 61ms (cache revalidated)
npm http fetch GET 200 https://registry.npmjs.org/pinkie 56ms (cache revalidated)
npm http fetch GET 200 https://registry.npmjs.org/brace-expansion 45ms (cache revalidated)
npm http fetch GET 200 https://registry.npmjs.org/wrappy 47ms (cache revalidated)
npm http fetch GET 200 https://registry.npmjs.org/wrappy 53ms (cache revalidated)
npm http fetch GET 200 https://registry.npmjs.org/verror 45ms (cache revalidated)
npm http fetch GET 200 https://registry.npmjs.org/extsprintf 49ms (cache revalidated)
npm http fetch GET 200 https://registry.npmjs.org/json-schema 53ms (cache revalidated)
npm http fetch GET 200 https://registry.npmjs.org/asn1 43ms (cache revalidated)
npm http fetch GET 200 https://registry.npmjs.org/dashdash 45ms (cache revalidated)
npm http fetch GET 200 https://registry.npmjs.org/getpass 49ms (cache revalidated)
npm http fetch GET 200 https://registry.npmjs.org/safer-buffer 50ms (cache revalidated)
npm http fetch GET 200 https://registry.npmjs.org/jsbn 47ms (cache revalidated)
npm http fetch GET 200 https://registry.npmjs.org/tweetnacl 49ms (cache revalidated)
npm http fetch GET 200 https://registry.npmjs.org/bcrypt-pbkdf 43ms (cache revalidated)
npm http fetch GET 200 https://registry.npmjs.org/ecc-jsbn 49ms (cache revalidated)
npm http fetch GET 200 https://registry.npmjs.org/tslib 46ms (cache revalidated)
npm http fetch GET 200 https://registry.npmjs.org/aggregate-error 53ms (cache revalidated)
npm http fetch GET 200 https://registry.npmjs.org/ansi-escapes 55ms (cache revalidated)
npm http fetch GET 200 https://registry.npmjs.org/astral-regex 631ms (cache revalidated)
npm http fetch GET 200 https://registry.npmjs.org/type-fest 41ms (cache revalidated)
npm http fetch GET 200 https://registry.npmjs.org/concat-map 42ms (cache revalidated)
npm http fetch GET 200 https://registry.npmjs.org/balanced-match 47ms (cache revalidated)
npm http fetch GET 200 https://registry.npmjs.org/braces 45ms (cache revalidated)
npm http fetch GET 200 https://registry.npmjs.org/anymatch 54ms (cache revalidated)
npm http fetch GET 200 https://registry.npmjs.org/glob-parent 60ms (cache revalidated)
npm http fetch GET 200 https://registry.npmjs.org/is-binary-path 52ms (cache revalidated)
npm http fetch GET 200 https://registry.npmjs.org/is-glob 46ms (cache revalidated)
npm http fetch GET 200 https://registry.npmjs.org/readdirp 51ms (cache revalidated)
npm http fetch GET 200 https://registry.npmjs.org/fsevents 39ms (cache revalidated)
npm http fetch GET 200 https://registry.npmjs.org/locate-path 49ms (cache revalidated)
npm http fetch GET 200 https://registry.npmjs.org/path-exists 52ms (cache revalidated)
npm http fetch GET 200 https://registry.npmjs.org/argparse 39ms (cache revalidated)
npm http fetch GET 200 https://registry.npmjs.org/randombytes 37ms (cache revalidated)
npm http fetch GET 200 https://registry.npmjs.org/escalade 64ms (cache revalidated)
npm http fetch GET 200 https://registry.npmjs.org/camelcase 64ms (cache revalidated)
npm http fetch GET 200 https://registry.npmjs.org/is-plain-obj 51ms (cache revalidated)
npm http fetch GET 200 https://registry.npmjs.org/flat 106ms (cache revalidated)
npm http fetch GET 200 https://registry.npmjs.org/fill-range 52ms (cache revalidated)
npm http fetch GET 200 https://registry.npmjs.org/picomatch 57ms (cache revalidated)
npm http fetch GET 200 https://registry.npmjs.org/binary-extensions 63ms (cache revalidated)
npm http fetch GET 200 https://registry.npmjs.org/is-extglob 43ms (cache revalidated)
npm http fetch GET 200 https://registry.npmjs.org/to-regex-range 41ms (cache revalidated)
npm http fetch GET 200 https://registry.npmjs.org/is-number 45ms (cache revalidated)
npm http fetch GET 200 https://registry.npmjs.org/p-locate 39ms (cache revalidated)
npm http fetch GET 200 https://registry.npmjs.org/p-limit 38ms (cache revalidated)
npm http fetch GET 200 https://registry.npmjs.org/loose-envify 60ms (cache revalidated)
npm http fetch GET 200 https://registry.npmjs.org/react-is 68ms (cache revalidated)
npm http fetch GET 200 https://registry.npmjs.org/easy-stack 50ms (cache revalidated)
npm http fetch GET 200 https://registry.npmjs.org/yocto-queue 42ms (cache revalidated)
npm http fetch GET 200 https://registry.npmjs.org/indent-string 48ms (cache revalidated)
npm http fetch GET 200 https://registry.npmjs.org/clean-stack 677ms (cache revalidated)
npm http fetch GET 200 https://registry.npmjs.org/js-tokens 38ms (cache revalidated)
npm http fetch GET 200 https://registry.npmjs.org/from 39ms (cache revalidated)
npm http fetch GET 200 https://registry.npmjs.org/map-stream 46ms (cache revalidated)
npm http fetch GET 200 https://registry.npmjs.org/duplexer 52ms (cache revalidated)
npm http fetch GET 200 https://registry.npmjs.org/pause-stream 45ms (cache revalidated)
npm http fetch GET 200 https://registry.npmjs.org/split 42ms (cache revalidated)
npm http fetch GET 200 https://registry.npmjs.org/stream-combiner 56ms (cache revalidated)
npm http fetch GET 200 https://registry.npmjs.org/call-bind 51ms (cache revalidated)
npm http fetch GET 200 https://registry.npmjs.org/es-errors 54ms (cache revalidated)
npm http fetch GET 200 https://registry.npmjs.org/object-inspect 44ms (cache revalidated)
npm http fetch GET 200 https://registry.npmjs.org/get-intrinsic 667ms (cache revalidated)
npm http fetch GET 200 https://registry.npmjs.org/ajv 15ms (cache hit)
npm http fetch GET 200 https://registry.npmjs.org/har-schema 45ms (cache revalidated)
npm http fetch GET 200 https://registry.npmjs.org/uri-js 41ms (cache revalidated)
npm http fetch GET 200 https://registry.npmjs.org/fast-deep-equal 49ms (cache revalidated)
npm http fetch GET 200 https://registry.npmjs.org/json-schema-traverse 53ms (cache revalidated)
npm http fetch GET 200 https://registry.npmjs.org/fast-json-stable-stringify 41ms (cache revalidated)
npm http fetch GET 200 https://registry.npmjs.org/function-bind 44ms (cache revalidated)
npm http fetch GET 200 https://registry.npmjs.org/set-function-length 49ms (cache revalidated)
npm http fetch GET 200 https://registry.npmjs.org/has-proto 42ms (cache revalidated)
npm http fetch GET 200 https://registry.npmjs.org/has-symbols 45ms (cache revalidated)
npm http fetch GET 200 https://registry.npmjs.org/hasown 37ms (cache revalidated)
npm http fetch GET 200 https://registry.npmjs.org/es-define-property 711ms (cache revalidated)
npm http fetch GET 200 https://registry.npmjs.org/has-property-descriptors 48ms (cache revalidated)
npm http fetch GET 200 https://registry.npmjs.org/gopd 54ms (cache revalidated)
npm http fetch GET 200 https://registry.npmjs.org/define-data-property 58ms (cache revalidated)
npm http fetch GET 200 https://registry.npmjs.org/requires-port 48ms (cache revalidated)
npm http fetch GET 200 https://registry.npmjs.org/querystringify 48ms (cache revalidated)
npm http fetch GET 200 https://registry.npmjs.org/cli-boxes 56ms (cache revalidated)
npm http fetch GET 200 https://registry.npmjs.org/ansi-align 57ms (cache revalidated)
npm http fetch GET 200 https://registry.npmjs.org/unique-string 50ms (cache revalidated)
npm http fetch GET 200 https://registry.npmjs.org/dot-prop 56ms (cache revalidated)
npm http fetch GET 200 https://registry.npmjs.org/write-file-atomic 41ms (cache revalidated)
npm http fetch GET 200 https://registry.npmjs.org/escape-goat 44ms (cache revalidated)
npm http fetch GET 200 https://registry.npmjs.org/widest-line 651ms (cache revalidated)
npm http fetch GET 200 https://registry.npmjs.org/package-json 634ms (cache revalidated)
npm http fetch GET 200 https://registry.npmjs.org/eastasianwidth 43ms (cache revalidated)
npm http fetch GET 200 https://registry.npmjs.org/imurmurhash 47ms (cache revalidated)
npm http fetch GET 200 https://registry.npmjs.org/crypto-random-string 54ms (cache revalidated)
npm http fetch GET 200 https://registry.npmjs.org/is-obj 56ms (cache revalidated)
npm http fetch GET 200 https://registry.npmjs.org/typedarray-to-buffer 42ms (cache revalidated)
npm http fetch GET 200 https://registry.npmjs.org/got 47ms (cache revalidated)
npm http fetch GET 200 https://registry.npmjs.org/registry-url 59ms (cache revalidated)
npm http fetch GET 200 https://registry.npmjs.org/registry-auth-token 59ms (cache revalidated)
npm http fetch GET 200 https://registry.npmjs.org/p-cancelable 45ms (cache revalidated)
npm http fetch GET 200 https://registry.npmjs.org/responselike 58ms (cache revalidated)
npm http fetch GET 200 https://registry.npmjs.org/http2-wrapper 61ms (cache revalidated)
npm http fetch GET 200 https://registry.npmjs.org/lowercase-keys 42ms (cache revalidated)
npm http fetch GET 200 https://registry.npmjs.org/cacheable-lookup 47ms (cache revalidated)
npm http fetch GET 200 https://registry.npmjs.org/cacheable-request 39ms (cache revalidated)
npm http fetch GET 200 https://registry.npmjs.org/@sindresorhus%2fis 79ms (cache revalidated)
npm http fetch GET 200 https://registry.npmjs.org/form-data-encoder 40ms (cache revalidated)
npm http fetch GET 200 https://registry.npmjs.org/decompress-response 47ms (cache revalidated)
npm http fetch GET 200 https://registry.npmjs.org/@szmarczak%2fhttp-timer 69ms (cache revalidated)
npm http fetch GET 200 https://registry.npmjs.org/rc 38ms (cache revalidated)
npm http fetch GET 200 https://registry.npmjs.org/@pnpm%2fnpm-conf 231ms (cache revalidated)
npm http fetch GET 200 https://registry.npmjs.org/http-cache-semantics 40ms (cache revalidated)
npm http fetch GET 200 https://registry.npmjs.org/defer-to-connect 47ms (cache revalidated)
npm http fetch GET 200 https://registry.npmjs.org/keyv 39ms (cache revalidated)
npm http fetch GET 200 https://registry.npmjs.org/mimic-response 46ms (cache revalidated)
npm http fetch GET 200 https://registry.npmjs.org/normalize-url 38ms (cache revalidated)
npm http fetch GET 200 https://registry.npmjs.org/quick-lru 48ms (cache revalidated)
npm http fetch GET 200 https://registry.npmjs.org/resolve-alpn 39ms (cache revalidated)
npm http fetch GET 200 https://registry.npmjs.org/@types%2fhttp-cache-semantics 1250ms (cache revalidated)
npm http fetch GET 200 https://registry.npmjs.org/json-buffer 48ms (cache revalidated)
npm http fetch GET 200 https://registry.npmjs.org/config-chain 48ms (cache revalidated)
npm http fetch GET 200 https://registry.npmjs.org/@pnpm%2fnetwork.ca-file 278ms (cache revalidated)
npm http fetch GET 200 https://registry.npmjs.org/@pnpm%2fconfig.env-replace 957ms (cache revalidated)
npm http fetch GET 200 https://registry.npmjs.org/proto-list 41ms (cache revalidated)
npm http fetch GET 200 https://registry.npmjs.org/deep-extend 49ms (cache revalidated)
npm http fetch GET 200 https://registry.npmjs.org/pend 45ms (cache revalidated)
npm http fetch GET 200 https://registry.npmjs.org/crc32-stream 49ms (cache revalidated)
npm http fetch GET 200 https://registry.npmjs.org/crc-32 43ms (cache revalidated)
npm http fetch GET 200 https://registry.npmjs.org/buffer-alloc-unsafe 41ms (cache revalidated)
npm http fetch GET 200 https://registry.npmjs.org/buffer-fill 46ms (cache revalidated)
npm http fetch GET 200 https://registry.npmjs.org/p-try 37ms (cache revalidated)
npm verbose reify failed optional dependency C:\tWeb\tmpBstackPackages\node_modules\fsevents
npm http fetch POST 200 https://registry.npmjs.org/-/npm/v1/security/advisories/bulk 1020ms
npm warn deprecated inflight@1.0.6: This module is not supported, and leaks memory. Do not use it. Check out lru-cache if you want a good and tested way to coalesce async requests by a key value, which is much more comprehensive and powerful.
npm warn deprecated rimraf@2.5.4: Rimraf versions prior to v4 are no longer supported
npm warn deprecated har-validator@5.1.5: this library is no longer supported
npm warn deprecated glob@7.2.3: Glob versions prior to v9 are no longer supported
npm warn deprecated glob@8.1.0: Glob versions prior to v9 are no longer supported
npm http fetch GET 200 https://registry.npmjs.org/tough-cookie 1365ms (cache revalidated)
npm http fetch GET 200 https://registry.npmjs.org/request 1388ms (cache revalidated)
npm http fetch GET 200 https://registry.npmjs.org/browserstack-cypress-cli 1108ms (cache revalidated)
npm warn deprecated uuid@3.4.0: Please upgrade  to version 7 or higher.  Older versions may use Math.random() in certain circumstances, which is known to be problematic.  See https://v8.dev/blog/math-random for details.
npm warn deprecated request@2.88.2: request has been deprecated, see https://github.com/request/request/issues/3142
npm info run cypress@13.13.2 postinstall node_modules/cypress node index.js --exec install
npm info run cypress@13.13.2 postinstall { code: 0, signal: null }

added 501 packages, and audited 502 packages in 58s

96 packages are looking for funding
  run `npm fund` for details

3 moderate severity vulnerabilities

To address all issues (including breaking changes), run:
  npm audit fix --force

Run `npm audit` for details.
npm verbose cwd C:\tWeb\tmpBstackPackages
npm verbose os Windows_NT 10.0.19045
npm verbose node v20.12.0
npm verbose npm  v10.8.2
npm verbose exit 0
npm info ok
